1685258075081	geckodriver	INFO	Listening on 127.0.0.1:10873
1685258078151	mozrunner::runner	INFO	Running command: "C:\\Program Files\\Mozilla Firefox\\firefox.exe" "--marionette" "--no-sandbox" "--headless" "--disable-gpu" ... "--remote-allow-hosts" "localhost" "-no-remote" "-profile" "C:\\Users\\CHUANF~1\\AppData\\Local\\Temp\\rust_mozprofile6BFxWb"
*** You are running in headless mode.
console.warn: services.settings: Ignoring preference override of remote settings server
console.warn: services.settings: Allow by setting MOZ_REMOTE_SETTINGS_DEVTOOLS=1 in the environment
1685258078404	Marionette	INFO	Marionette enabled
Dynamically enable window occlusion 0
1685258078408	Marionette	INFO	Listening on port 10883
console.error: "Warning: unrecognized command line flag -no-sandbox\n"
console.error: "Warning: unrecognized command line flag -window-size\n"
console.error: "Warning: unrecognized command line flag -start-maximized\n"
console.error: "Warning: unrecognized command line flag -ignore-certificate-errors\n"
WebDriver BiDi listening on ws://127.0.0.1:10874
Read port: 10883
1685258078600	RemoteAgent	WARN	TLS certificate errors will be ignored for this session
[GFX1-]: RenderCompositorSWGL failed mapping default framebuffer, no dt
[ERROR glean_core] Error setting metrics feature config: Json(Error("EOF while parsing a value", line: 1, column: 0))
console.error: ({})
DevTools listening on ws://127.0.0.1:10874/devtools/browser/dd54a89d-94ba-464c-a1fa-0b337a493a46
[Child 13876, MediaDecoderStateMachine #1] WARNING: 1908cdc3570 Could not set cubeb stream name.: file /builds/worker/checkouts/gecko/dom/media/AudioStream.cpp:321
JavaScript warning: https://www.google.com/js/th/M2d1Z2wfQxbrgbfhnRYAKyzYx2IZVTqQoYmEaYL0pMI.js line 2 > eval line 2893 > eval line 1 > eval line 1 > eval, line 1: WEBGL_debug_renderer_info is deprecated in Firefox and will be removed. Please use RENDERER.
[Child 13876, Main Thread] WARNING: JSWindowActorChild::SendRawMessage (AudioPlayback, AudioPlayback:Stop) not sent: !CanSend() || !mManager || !mManager->CanSend(): file /builds/worker/checkouts/gecko/dom/ipc/jsactor/JSWindowActorChild.cpp:57
JavaScript error: resource://gre/actors/AudioPlaybackChild.sys.mjs, line 17: InvalidStateError: JSWindowActorChild.sendAsyncMessage: JSWindowActorChild cannot send at the moment
